<?xml version="1.0" encoding="UTF-8"?>
<!-- Generated by org.testng.reporters.JUnitReportReporter -->
<testsuite hostname="user6" failures="0" tests="1" name="parallelScripts.LocatorTest" time="14.456" errors="0" timestamp="2024-11-08T10:22:56 IST" skipped="0">
  <testcase classname="parallelScripts.LocatorTest" name="loginTest" time="14.456"/>
  <system-out/>
</testsuite> <!-- parallelScripts.LocatorTest -->
