<?xml version="1.0" encoding="UTF-8"?>
<!-- Generated by org.testng.reporters.JUnitReportReporter -->
<testsuite hostname="user6" failures="0" tests="4" name="parallelScripts.SampleThree" time="0.010" errors="0" timestamp="2024-11-11T08:55:04 IST" skipped="0">
  <testcase classname="parallelScripts.SampleThree" name="testTwo" time="0.003"/>
  <system-out/>
  <testcase classname="parallelScripts.SampleThree" name="testFour" time="0.003"/>
  <system-out/>
  <testcase classname="parallelScripts.SampleThree" name="testOne" time="0.002"/>
  <system-out/>
  <testcase classname="parallelScripts.SampleThree" name="testThree" time="0.002"/>
  <system-out/>
</testsuite> <!-- parallelScripts.SampleThree -->
