<?xml version="1.0" encoding="UTF-8"?>
<!-- Generated by org.testng.reporters.JUnitReportReporter -->
<testsuite hostname="user6" failures="0" tests="1" name="testScripts.DropDownTest" time="6.472" errors="0" timestamp="2024-11-06T12:18:55 IST" skipped="0">
  <testcase classname="testScripts.DropDownTest" name="dropDownCheck" time="6.472"/>
  <system-out/>
</testsuite> <!-- testScripts.DropDownTest -->
