<?xml version="1.0" encoding="UTF-8"?>
<!-- Generated by org.testng.reporters.JUnitReportReporter -->
<testsuite hostname="user6" failures="0" tests="4" name="parallelScripts.SampleOne" time="0.065" errors="0" timestamp="2024-11-11T12:51:24 IST" skipped="0">
  <testcase classname="parallelScripts.SampleOne" name="testThree" time="0.012"/>
  <system-out/>
  <testcase classname="parallelScripts.SampleOne" name="testTwo" time="0.019"/>
  <system-out/>
  <testcase classname="parallelScripts.SampleOne" name="testFour" time="0.027"/>
  <system-out/>
  <testcase classname="parallelScripts.SampleOne" name="testOne" time="0.007"/>
  <system-out/>
</testsuite> <!-- parallelScripts.SampleOne -->
