<?xml version="1.0" encoding="UTF-8"?>
<!-- Generated by org.testng.reporters.JUnitReportReporter -->
<testsuite hostname="user6" failures="0" tests="1" name="testScripts.FileUpload" time="20.791" errors="0" timestamp="2024-11-06T16:19:30 IST" skipped="0">
  <testcase classname="testScripts.FileUpload" name="fileUploadTest" time="20.791"/>
  <system-out/>
</testsuite> <!-- testScripts.FileUpload -->
