<?xml version="1.0" encoding="UTF-8"?>
<!-- Generated by org.testng.reporters.JUnitReportReporter -->
<testsuite hostname="user6" failures="0" tests="4" name="testScripts.SampleParallelTest" time="0.026" errors="0" timestamp="2024-11-07T12:34:36 IST" skipped="0">
  <testcase classname="testScripts.SampleParallelTest" name="testTwo" time="0.005"/>
  <system-out/>
  <testcase classname="testScripts.SampleParallelTest" name="testOne" time="0.004"/>
  <system-out/>
  <testcase classname="testScripts.SampleParallelTest" name="testThree" time="0.002"/>
  <system-out/>
  <testcase classname="testScripts.SampleParallelTest" name="testFour" time="0.015"/>
  <system-out/>
</testsuite> <!-- testScripts.SampleParallelTest -->
