<?xml version="1.0" encoding="UTF-8"?>
<!-- Generated by org.testng.reporters.JUnitReportReporter -->
<testsuite hostname="user6" failures="0" tests="1" name="testScripts.shadowDom" time="5.455" errors="0" timestamp="2024-11-05T12:29:28 IST" skipped="0">
  <testcase classname="testScripts.shadowDom" name="shadow" time="5.455"/>
  <system-out/>
</testsuite> <!-- testScripts.shadowDom -->
