<?xml version="1.0" encoding="UTF-8"?>
<!-- Generated by org.testng.reporters.JUnitReportReporter -->
<testsuite hostname="user6" failures="0" tests="1" name="testScripts.PageLoad" time="11.277" errors="0" timestamp="2024-11-06T12:57:39 IST" skipped="0">
  <testcase classname="testScripts.PageLoad" name="pageLoadTest" time="11.277"/>
  <system-out/>
</testsuite> <!-- testScripts.PageLoad -->
