<?xml version="1.0" encoding="UTF-8"?>
<!-- Generated by org.testng.reporters.JUnitReportReporter -->
<testsuite hostname="user6" failures="0" tests="1" name="testScripts.MouseActionsTest" time="6.621" errors="0" timestamp="2024-11-06T15:08:13 IST" skipped="0">
  <testcase classname="testScripts.MouseActionsTest" name="mouseActionsTest" time="6.621"/>
  <system-out/>
</testsuite> <!-- testScripts.MouseActionsTest -->
