<?xml version="1.0" encoding="UTF-8"?>
<!-- Generated by org.testng.reporters.JUnitReportReporter -->
<testsuite hostname="user6" failures="0" tests="1" name="testScripts.CDPTest" time="8.710" errors="0" timestamp="2024-11-12T19:00:23 IST" skipped="0">
  <testcase classname="testScripts.CDPTest" name="geoLocationTest" time="8.710"/>
  <system-out/>
</testsuite> <!-- testScripts.CDPTest -->
