<?xml version="1.0" encoding="UTF-8"?>
<!-- Generated by org.testng.reporters.JUnitReportReporter -->
<testsuite hostname="user6" failures="0" tests="1" name="testScripts.ToolTip" time="26.488" errors="0" timestamp="2024-11-06T11:16:48 IST" skipped="0">
  <testcase classname="testScripts.ToolTip" name="toolTip" time="26.488"/>
  <system-out/>
</testsuite> <!-- testScripts.ToolTip -->
