<?xml version="1.0" encoding="UTF-8"?>
<!-- Generated by org.testng.reporters.JUnitReportReporter -->
<testsuite hostname="user6" failures="0" tests="1" name="testScripts.RemoteWebDriverTest" time="41.677" errors="0" timestamp="2024-11-12T17:42:20 IST" skipped="0">
  <testcase classname="testScripts.RemoteWebDriverTest" name="test" time="41.677"/>
  <system-out/>
</testsuite> <!-- testScripts.RemoteWebDriverTest -->
