<?xml version="1.0" encoding="UTF-8"?>
<!-- Generated by org.testng.reporters.JUnitReportReporter -->
<testsuite hostname="user6" failures="0" tests="1" name="testScripts.DoubleClick" time="8.731" errors="0" timestamp="2024-11-06T14:59:18 IST" skipped="0">
  <testcase classname="testScripts.DoubleClick" name="doblueClickTest" time="8.731"/>
  <system-out/>
</testsuite> <!-- testScripts.DoubleClick -->
