<?xml version="1.0" encoding="UTF-8"?>
<!-- Generated by org.testng.reporters.JUnitReportReporter -->
<testsuite hostname="user6" failures="0" tests="1" name="testScripts.AutoComplete" time="23.733" errors="0" timestamp="2024-11-06T11:30:47 IST" skipped="0">
  <testcase classname="testScripts.AutoComplete" name="autoCompleteTest" time="23.733"/>
  <system-out/>
</testsuite> <!-- testScripts.AutoComplete -->
