<?xml version="1.0" encoding="UTF-8"?>
<!-- Generated by org.testng.reporters.JUnitReportReporter -->
<testsuite hostname="user6" failures="0" tests="4" name="parallelScripts.SampleTwoParallelTest" time="0.064" errors="0" timestamp="2024-11-11T12:51:24 IST" skipped="0">
  <testcase classname="parallelScripts.SampleTwoParallelTest" name="testThree" time="0.008"/>
  <system-out/>
  <testcase classname="parallelScripts.SampleTwoParallelTest" name="testOne" time="0.012"/>
  <system-out/>
  <testcase classname="parallelScripts.SampleTwoParallelTest" name="testTwo" time="0.022"/>
  <system-out/>
  <testcase classname="parallelScripts.SampleTwoParallelTest" name="testFour" time="0.022"/>
  <system-out/>
</testsuite> <!-- parallelScripts.SampleTwoParallelTest -->
