<?xml version="1.0" encoding="UTF-8"?>
<!-- Generated by org.testng.reporters.JUnitReportReporter -->
<testsuite hostname="user6" failures="0" tests="1" name="testScripts.automationBookStore" time="7.230" errors="0" timestamp="2024-11-04T10:31:24 IST" skipped="0">
  <testcase classname="testScripts.automationBookStore" name="IsDisplayCheck" time="7.230"/>
  <system-out/>
</testsuite> <!-- testScripts.automationBookStore -->
