<?xml version="1.0" encoding="UTF-8"?>
<!-- Generated by org.testng.reporters.JUnitReportReporter -->
<testsuite hostname="user6" failures="0" tests="1" name="testScripts.WindowHandles" time="13.656" errors="0" timestamp="2024-11-06T10:12:08 IST" skipped="0">
  <testcase classname="testScripts.WindowHandles" name="handleWindows" time="13.656"/>
  <system-out/>
</testsuite> <!-- testScripts.WindowHandles -->
