<?xml version="1.0" encoding="UTF-8"?>
<!-- Generated by org.testng.reporters.JUnitReportReporter -->
<testsuite hostname="user6" failures="0" tests="1" name="testScripts.IframeTest" time="12.785" errors="0" timestamp="2024-11-07T14:39:36 IST" skipped="0">
  <testcase classname="testScripts.IframeTest" name="iFrames" time="12.785"/>
  <system-out/>
</testsuite> <!-- testScripts.IframeTest -->
