<?xml version="1.0" encoding="UTF-8"?>
<!-- Generated by org.testng.reporters.JUnitReportReporter -->
<testsuite hostname="user6" failures="0" tests="1" name="testScripts.GooglePageTest" time="10.165" errors="0" timestamp="2024-11-04T09:47:39 IST" skipped="0">
  <testcase classname="testScripts.GooglePageTest" name="searchJavaTest" time="10.165"/>
  <system-out/>
</testsuite> <!-- testScripts.GooglePageTest -->
