<?xml version="1.0" encoding="UTF-8"?>
<!-- Generated by org.testng.reporters.JUnitReportReporter -->
<testsuite hostname="user6" failures="0" tests="1" name="testScripts.RadioBtnCheck" time="17.314" errors="0" timestamp="2024-11-04T11:05:01 IST" skipped="0">
  <testcase classname="testScripts.RadioBtnCheck" name="RadioButtonCheckTest" time="17.314"/>
  <system-out/>
</testsuite> <!-- testScripts.RadioBtnCheck -->
