<?xml version="1.0" encoding="UTF-8"?>
<!-- Generated by org.testng.reporters.JUnitReportReporter -->
<testsuite hostname="user6" failures="0" tests="1" name="parallelScripts.ValidLoginTest" time="12.170" errors="0" timestamp="2024-11-12T10:42:26 IST" skipped="0">
  <testcase classname="parallelScripts.ValidLoginTest" name="locatorTest" time="12.170"/>
  <system-out/>
</testsuite> <!-- parallelScripts.ValidLoginTest -->
