<?xml version="1.0" encoding="UTF-8"?>
<!-- Generated by org.testng.reporters.JUnitReportReporter -->
<testsuite hostname="user6" failures="0" tests="1" name="testScripts.ExpWait" time="20.536" errors="0" timestamp="2024-11-06T12:40:35 IST" skipped="0">
  <testcase classname="testScripts.ExpWait" name="expWaitTest" time="20.536"/>
  <system-out/>
</testsuite> <!-- testScripts.ExpWait -->
